# JRE version: Java(TM) SE Runtime Environment (7.0_51-b13) (build 1.7.0_51-b13)
# Java VM: Java HotSpot(TM) Client VM (24.51-b03 mixed mode windows-x86 )
Heap
 def new generation   total 10176K, used 1943K [0x03850000, 0x04350000, 0x08da0000)
  eden space 9088K,   9% used [0x03850000, 0x03925fc0, 0x04130000)
  from space 1088K, 100% used [0x04240000, 0x04350000, 0x04350000)
  to   space 1088K,   0% used [0x04130000, 0x04130000, 0x04240000)
 tenured generation   total 22492K, used 8908K [0x08da0000, 0x0a397000, 0x13850000)
   the space 22492K,  39% used [0x08da0000, 0x09653380, 0x09653400, 0x0a397000)
 compacting perm gen  total 12288K, used 10883K [0x13850000, 0x14450000, 0x17850000)
   the space 12288K,  88% used [0x13850000, 0x142f0e30, 0x142f1000, 0x14450000)
GC Heap History (10 events):
Event: 11.866 GC heap before
{Heap before GC invocations=79 (full 1):
 def new generation   total 6464K, used 6178K [0x03850000, 0x03f50000, 0x08da0000)
  eden space 5760K, 100% used [0x03850000, 0x03df0000, 0x03df0000)
  from space 704K,  59% used [0x03ea0000, 0x03f08b30, 0x03f50000)
  to   space 704K,   0% used [0x03df0000, 0x03df0000, 0x03ea0000)
 tenured generation   total 22492K, used 22137K [0x08da0000, 0x0a397000, 0x13850000)
   the space 22492K,  98% used [0x08da0000, 0x0a33e428, 0x0a33e600, 0x0a397000)
 compacting perm gen  total 12288K, used 10612K [0x13850000, 0x14450000, 0x17850000)
   the space 12288K,  86% used [0x13850000, 0x142ad320, 0x142ad400, 0x14450000)
No shared spaces configured.
Event: 11.870 GC heap after
Heap after GC invocations=80 (full 1):
 def new generation   total 6464K, used 418K [0x03850000, 0x03f50000, 0x08da0000)
  eden space 5760K,   0% used [0x03850000, 0x03850000, 0x03df0000)
  from space 704K,  59% used [0x03df0000, 0x03e58a58, 0x03ea0000)
  to   space 704K,   0% used [0x03ea0000, 0x03ea0000, 0x03f50000)
 tenured generation   total 22492K, used 22241K [0x08da0000, 0x0a397000, 0x13850000)
   the space 22492K,  98% used [0x08da0000, 0x0a3587c8, 0x0a358800, 0x0a397000)
 compacting perm gen  total 12288K, used 10612K [0x13850000, 0x14450000, 0x17850000)
   the space 12288K,  86% used [0x13850000, 0x142ad320, 0x142ad400, 0x14450000)
No shared spaces configured.
}
Event: 11.894 GC heap before
{Heap before GC invocations=80 (full 1):
 def new generation   total 6464K, used 6178K [0x03850000, 0x03f50000, 0x08da0000)
  eden space 5760K, 100% used [0x03850000, 0x03df0000, 0x03df0000)
  from space 704K,  59% used [0x03df0000, 0x03e58a58, 0x03ea0000)
  to   space 704K,   0% used [0x03ea0000, 0x03ea0000, 0x03f50000)
 tenured generation   total 22492K, used 22241K [0x08da0000, 0x0a397000, 0x13850000)
   the space 22492K,  98% used [0x08da0000, 0x0a3587c8, 0x0a358800, 0x0a397000)
 compacting perm gen  total 12288K, used 10612K [0x13850000, 0x14450000, 0x17850000)
   the space 12288K,  86% used [0x13850000, 0x142ad320, 0x142ad400, 0x14450000)
No shared spaces configured.
Event: 11.897 GC heap after
Heap after GC invocations=81 (full 1):
 def new generation   total 6464K, used 418K [0x03850000, 0x03f50000, 0x08da0000)
  eden space 5760K,   0% used [0x03850000, 0x03850000, 0x03df0000)
  from space 704K,  59% used [0x03ea0000, 0x03f08828, 0x03f50000)
  to   space 704K,   0% used [0x03df0000, 0x03df0000, 0x03ea0000)
 tenured generation   total 22492K, used 22346K [0x08da0000, 0x0a397000, 0x13850000)
   the space 22492K,  99% used [0x08da0000, 0x0a372ae8, 0x0a372c00, 0x0a397000)
 compacting perm gen  total 12288K, used 10612K [0x13850000, 0x14450000, 0x17850000)
   the space 12288K,  86% used [0x13850000, 0x142ad320, 0x142ad400, 0x14450000)
No shared spaces configured.
}
Event: 11.928 GC heap before
{Heap before GC invocations=81 (full 1):
 def new generation   total 6464K, used 6178K [0x03850000, 0x03f50000, 0x08da0000)
  eden space 5760K, 100% used [0x03850000, 0x03df0000, 0x03df0000)
  from space 704K,  59% used [0x03ea0000, 0x03f08828, 0x03f50000)
  to   space 704K,   0% used [0x03df0000, 0x03df0000, 0x03ea0000)
 tenured generation   total 22492K, used 22346K [0x08da0000, 0x0a397000, 0x13850000)
   the space 22492K,  99% used [0x08da0000, 0x0a372ae8, 0x0a372c00, 0x0a397000)
 compacting perm gen  total 12288K, used 10612K [0x13850000, 0x14450000, 0x17850000)
   the space 12288K,  86% used [0x13850000, 0x142ad320, 0x142ad400, 0x14450000)
No shared spaces configured.
Event: 11.932 GC heap after
Heap after GC invocations=82 (full 1):
 def new generation   total 6464K, used 539K [0x03850000, 0x03f50000, 0x08da0000)
  eden space 5760K,   0% used [0x03850000, 0x03850000, 0x03df0000)
  from space 704K,  76% used [0x03df0000, 0x03e76c48, 0x03ea0000)
  to   space 704K,   0% used [0x03ea0000, 0x03ea0000, 0x03f50000)
 tenured generation   total 22492K, used 22451K [0x08da0000, 0x0a397000, 0x13850000)
   the space 22492K,  99% used [0x08da0000, 0x0a38cd18, 0x0a38ce00, 0x0a397000)
 compacting perm gen  total 12288K, used 10612K [0x13850000, 0x14450000, 0x17850000)
   the space 12288K,  86% used [0x13850000, 0x142ad320, 0x142ad400, 0x14450000)
No shared spaces configured.
}
Event: 11.960 GC heap before
{Heap before GC invocations=82 (full 1):
 def new generation   total 6464K, used 6299K [0x03850000, 0x03f50000, 0x08da0000)
  eden space 5760K, 100% used [0x03850000, 0x03df0000, 0x03df0000)
  from space 704K,  76% used [0x03df0000, 0x03e76c48, 0x03ea0000)
  to   space 704K,   0% used [0x03ea0000, 0x03ea0000, 0x03f50000)
 tenured generation   total 22492K, used 22451K [0x08da0000, 0x0a397000, 0x13850000)
   the space 22492K,  99% used [0x08da0000, 0x0a38cd18, 0x0a38ce00, 0x0a397000)
 compacting perm gen  total 12288K, used 10612K [0x13850000, 0x14450000, 0x17850000)
   the space 12288K,  86% used [0x13850000, 0x142ad320, 0x142ad400, 0x14450000)
No shared spaces configured.
Event: 12.035 GC heap after
Heap after GC invocations=83 (full 2):
 def new generation   total 10176K, used 0K [0x03850000, 0x04350000, 0x08da0000)
  eden space 9088K,   0% used [0x03850000, 0x03850000, 0x04130000)
  from space 1088K,   0% used [0x04130000, 0x04130000, 0x04240000)
  to   space 1088K,   0% used [0x04240000, 0x04240000, 0x04350000)
 tenured generation   total 22492K, used 8384K [0x08da0000, 0x0a397000, 0x13850000)
   the space 22492K,  37% used [0x08da0000, 0x095d01e0, 0x095d0200, 0x0a397000)
 compacting perm gen  total 12288K, used 10612K [0x13850000, 0x14450000, 0x17850000)
   the space 12288K,  86% used [0x13850000, 0x142ad320, 0x142ad400, 0x14450000)
No shared spaces configured.
}
Event: 34.187 GC heap before
{Heap before GC invocations=83 (full 2):
 def new generation   total 10176K, used 9041K [0x03850000, 0x04350000, 0x08da0000)
  eden space 9088K,  99% used [0x03850000, 0x04124400, 0x04130000)
  from space 1088K,   0% used [0x04130000, 0x04130000, 0x04240000)
  to   space 1088K,   0% used [0x04240000, 0x04240000, 0x04350000)
 tenured generation   total 22492K, used 8384K [0x08da0000, 0x0a397000, 0x13850000)
   the space 22492K,  37% used [0x08da0000, 0x095d01e0, 0x095d0200, 0x0a397000)
 compacting perm gen  total 12288K, used 10881K [0x13850000, 0x14450000, 0x17850000)
   the space 12288K,  88% used [0x13850000, 0x142f0738, 0x142f0800, 0x14450000)
No shared spaces configured.
Event: 34.195 GC heap after
Heap after GC invocations=84 (full 2):
 def new generation   total 10176K, used 1088K [0x03850000, 0x04350000, 0x08da0000)
  eden space 9088K,   0% used [0x03850000, 0x03850000, 0x04130000)
  from space 1088K, 100% used [0x04240000, 0x04350000, 0x04350000)
  to   space 1088K,   0% used [0x04130000, 0x04130000, 0x04240000)
 tenured generation   total 22492K, used 8908K [0x08da0000, 0x0a397000, 0x13850000)
   the space 22492K,  39% used [0x08da0000, 0x09653380, 0x09653400, 0x0a397000)
 compacting perm gen  total 12288K, used 10881K [0x13850000, 0x14450000, 0x17850000)
   the space 12288K,  88% used [0x13850000, 0x142f0738, 0x142f0800, 0x14450000)
No shared spaces configured.
}

