# JRE version: Java(TM) SE Runtime Environment (7.0_51-b13) (build 1.7.0_51-b13)
# Java VM: Java HotSpot(TM) Client VM (24.51-b03 mixed mode windows-x86 )
Heap
 def new generation   total 9920K, used 1996K [0x03a80000, 0x04540000, 0x08fd0000)
  eden space 8832K,  10% used [0x03a80000, 0x03b63310, 0x04320000)
  from space 1088K, 100% used [0x04430000, 0x04540000, 0x04540000)
  to   space 1088K,   0% used [0x04320000, 0x04320000, 0x04430000)
 tenured generation   total 21896K, used 8224K [0x08fd0000, 0x0a532000, 0x13a80000)
   the space 21896K,  37% used [0x08fd0000, 0x097d82a8, 0x097d8400, 0x0a532000)
 compacting perm gen  total 12288K, used 10854K [0x13a80000, 0x14680000, 0x17a80000)
   the space 12288K,  88% used [0x13a80000, 0x14519818, 0x14519a00, 0x14680000)
GC Heap History (10 events):
Event: 9.925 GC heap before
{Heap before GC invocations=79 (full 1):
 def new generation   total 6272K, used 5939K [0x03a80000, 0x04140000, 0x08fd0000)
  eden space 5632K, 100% used [0x03a80000, 0x04000000, 0x04000000)
  from space 640K,  48% used [0x040a0000, 0x040ece70, 0x04140000)
  to   space 640K,   0% used [0x04000000, 0x04000000, 0x040a0000)
 tenured generation   total 21896K, used 21784K [0x08fd0000, 0x0a532000, 0x13a80000)
   the space 21896K,  99% used [0x08fd0000, 0x0a516298, 0x0a516400, 0x0a532000)
 compacting perm gen  total 12288K, used 10598K [0x13a80000, 0x14680000, 0x17a80000)
   the space 12288K,  86% used [0x13a80000, 0x144d9948, 0x144d9a00, 0x14680000)
No shared spaces configured.
Event: 9.927 GC heap after
Heap after GC invocations=80 (full 1):
 def new generation   total 6272K, used 409K [0x03a80000, 0x04140000, 0x08fd0000)
  eden space 5632K,   0% used [0x03a80000, 0x03a80000, 0x04000000)
  from space 640K,  63% used [0x04000000, 0x040665c0, 0x040a0000)
  to   space 640K,   0% used [0x040a0000, 0x040a0000, 0x04140000)
 tenured generation   total 21896K, used 21784K [0x08fd0000, 0x0a532000, 0x13a80000)
   the space 21896K,  99% used [0x08fd0000, 0x0a516298, 0x0a516400, 0x0a532000)
 compacting perm gen  total 12288K, used 10598K [0x13a80000, 0x14680000, 0x17a80000)
   the space 12288K,  86% used [0x13a80000, 0x144d9948, 0x144d9a00, 0x14680000)
No shared spaces configured.
}
Event: 9.946 GC heap before
{Heap before GC invocations=80 (full 1):
 def new generation   total 6272K, used 6041K [0x03a80000, 0x04140000, 0x08fd0000)
  eden space 5632K, 100% used [0x03a80000, 0x04000000, 0x04000000)
  from space 640K,  63% used [0x04000000, 0x040665c0, 0x040a0000)
  to   space 640K,   0% used [0x040a0000, 0x040a0000, 0x04140000)
 tenured generation   total 21896K, used 21784K [0x08fd0000, 0x0a532000, 0x13a80000)
   the space 21896K,  99% used [0x08fd0000, 0x0a516298, 0x0a516400, 0x0a532000)
 compacting perm gen  total 12288K, used 10598K [0x13a80000, 0x14680000, 0x17a80000)
   the space 12288K,  86% used [0x13a80000, 0x144d9948, 0x144d9a00, 0x14680000)
No shared spaces configured.
Event: 10.000 GC heap after
Heap after GC invocations=81 (full 2):
 def new generation   total 9920K, used 0K [0x03a80000, 0x04540000, 0x08fd0000)
  eden space 8832K,   0% used [0x03a80000, 0x03a80000, 0x04320000)
  from space 1088K,   0% used [0x04320000, 0x04320000, 0x04430000)
  to   space 1088K,   0% used [0x04430000, 0x04430000, 0x04540000)
 tenured generation   total 21896K, used 7626K [0x08fd0000, 0x0a532000, 0x13a80000)
   the space 21896K,  34% used [0x08fd0000, 0x09742920, 0x09742a00, 0x0a532000)
 compacting perm gen  total 12288K, used 10598K [0x13a80000, 0x14680000, 0x17a80000)
   the space 12288K,  86% used [0x13a80000, 0x144d9948, 0x144d9a00, 0x14680000)
No shared spaces configured.
}
Event: 10.029 GC heap before
{Heap before GC invocations=81 (full 2):
 def new generation   total 9920K, used 8832K [0x03a80000, 0x04540000, 0x08fd0000)
  eden space 8832K, 100% used [0x03a80000, 0x04320000, 0x04320000)
  from space 1088K,   0% used [0x04320000, 0x04320000, 0x04430000)
  to   space 1088K,   0% used [0x04430000, 0x04430000, 0x04540000)
 tenured generation   total 21896K, used 7626K [0x08fd0000, 0x0a532000, 0x13a80000)
   the space 21896K,  34% used [0x08fd0000, 0x09742920, 0x09742a00, 0x0a532000)
 compacting perm gen  total 12288K, used 10598K [0x13a80000, 0x14680000, 0x17a80000)
   the space 12288K,  86% used [0x13a80000, 0x144d9948, 0x144d9a00, 0x14680000)
No shared spaces configured.
Event: 10.031 GC heap after
Heap after GC invocations=82 (full 2):
 def new generation   total 9920K, used 160K [0x03a80000, 0x04540000, 0x08fd0000)
  eden space 8832K,   0% used [0x03a80000, 0x03a80000, 0x04320000)
  from space 1088K,  14% used [0x04430000, 0x044581b0, 0x04540000)
  to   space 1088K,   0% used [0x04320000, 0x04320000, 0x04430000)
 tenured generation   total 21896K, used 7626K [0x08fd0000, 0x0a532000, 0x13a80000)
   the space 21896K,  34% used [0x08fd0000, 0x09742920, 0x09742a00, 0x0a532000)
 compacting perm gen  total 12288K, used 10598K [0x13a80000, 0x14680000, 0x17a80000)
   the space 12288K,  86% used [0x13a80000, 0x144d9948, 0x144d9a00, 0x14680000)
No shared spaces configured.
}
Event: 10.058 GC heap before
{Heap before GC invocations=82 (full 2):
 def new generation   total 9920K, used 8992K [0x03a80000, 0x04540000, 0x08fd0000)
  eden space 8832K, 100% used [0x03a80000, 0x04320000, 0x04320000)
  from space 1088K,  14% used [0x04430000, 0x044581b0, 0x04540000)
  to   space 1088K,   0% used [0x04320000, 0x04320000, 0x04430000)
 tenured generation   total 21896K, used 7626K [0x08fd0000, 0x0a532000, 0x13a80000)
   the space 21896K,  34% used [0x08fd0000, 0x09742920, 0x09742a00, 0x0a532000)
 compacting perm gen  total 12288K, used 10598K [0x13a80000, 0x14680000, 0x17a80000)
   the space 12288K,  86% used [0x13a80000, 0x144d9948, 0x144d9a00, 0x14680000)
No shared spaces configured.
Event: 10.060 GC heap after
Heap after GC invocations=83 (full 2):
 def new generation   total 9920K, used 443K [0x03a80000, 0x04540000, 0x08fd0000)
  eden space 8832K,   0% used [0x03a80000, 0x03a80000, 0x04320000)
  from space 1088K,  40% used [0x04320000, 0x0438ee48, 0x04430000)
  to   space 1088K,   0% used [0x04430000, 0x04430000, 0x04540000)
 tenured generation   total 21896K, used 7626K [0x08fd0000, 0x0a532000, 0x13a80000)
   the space 21896K,  34% used [0x08fd0000, 0x09742920, 0x09742a00, 0x0a532000)
 compacting perm gen  total 12288K, used 10598K [0x13a80000, 0x14680000, 0x17a80000)
   the space 12288K,  86% used [0x13a80000, 0x144d9948, 0x144d9a00, 0x14680000)
No shared spaces configured.
}
Event: 10.968 GC heap before
{Heap before GC invocations=83 (full 2):
 def new generation   total 9920K, used 9274K [0x03a80000, 0x04540000, 0x08fd0000)
  eden space 8832K,  99% used [0x03a80000, 0x0431fc58, 0x04320000)
  from space 1088K,  40% used [0x04320000, 0x0438ee48, 0x04430000)
  to   space 1088K,   0% used [0x04430000, 0x04430000, 0x04540000)
 tenured generation   total 21896K, used 7626K [0x08fd0000, 0x0a532000, 0x13a80000)
   the space 21896K,  34% used [0x08fd0000, 0x09742920, 0x09742a00, 0x0a532000)
 compacting perm gen  total 12288K, used 10778K [0x13a80000, 0x14680000, 0x17a80000)
   the space 12288K,  87% used [0x13a80000, 0x14506aa0, 0x14506c00, 0x14680000)
No shared spaces configured.
Event: 10.976 GC heap after
Heap after GC invocations=84 (full 2):
 def new generation   total 9920K, used 1088K [0x03a80000, 0x04540000, 0x08fd0000)
  eden space 8832K,   0% used [0x03a80000, 0x03a80000, 0x04320000)
  from space 1088K, 100% used [0x04430000, 0x04540000, 0x04540000)
  to   space 1088K,   0% used [0x04320000, 0x04320000, 0x04430000)
 tenured generation   total 21896K, used 8224K [0x08fd0000, 0x0a532000, 0x13a80000)
   the space 21896K,  37% used [0x08fd0000, 0x097d82a8, 0x097d8400, 0x0a532000)
 compacting perm gen  total 12288K, used 10778K [0x13a80000, 0x14680000, 0x17a80000)
   the space 12288K,  87% used [0x13a80000, 0x14506aa0, 0x14506c00, 0x14680000)
No shared spaces configured.
}

